<?xml version="1.0" encoding="UTF-8"?>
<testsuite xmlns:xsi="http://www.w3.org/2001/XMLSchema-instance" xsi:noNamespaceSchemaLocation="https://maven.apache.org/surefire/maven-surefire-plugin/xsd/surefire-test-report-3.0.xsd" version="3.0" name="com.avinya.application.SpringbootRefreshTokenApplicationTests" time="6.263" tests="1" errors="0" skipped="0" failures="0">
  <properties>
[...]
</properties>
  <testcase name="contextLoads" classname="com.avinya.application.SpringbootRefreshTokenApplicationTests" time="0.525">
    <system-out><![CDATA[23:13:10.442 [main] INFO org.springframework.test.context.support.AnnotationConfigContextLoaderUtils -- Could not detect default configuration classes for test class [com.avinya.application.SpringbootRefreshTokenApplicationTests]: SpringbootRefreshTokenApplicationTests does not declare any static, non-private, non-final, nested classes annotated with @Configuration.
23:13:10.575 [main] INFO org.springframework.boot.test.context.SpringBootTestContextBootstrapper -- Found @SpringBootConfiguration com.avinya.application.SpringbootRefreshTokenApplication for test class com.avinya.application.SpringbootRefreshTokenApplicationTests

  .   ____          _            __ _ _
 /\\ / ___'_ __ _ _(_)_ __  __ _ \ \ \ \
( ( )\___ | '_ | '_| | '_ \/ _` | \ \ \ \
 \\/  ___)| |_)| | | | | || (_| |  ) ) ) )
  '  |____| .__|_| |_|_| |_\__, | / / / /
 =========|_|==============|___/=/_/_/_/
 :: Spring Boot ::                (v3.1.2)

2023-08-07T23:13:11.024-04:00  INFO 3246 --- [           main] a.SpringbootRefreshTokenApplicationTests : Starting SpringbootRefreshTokenApplicationTests using Java 17.0.2 with PID 3246 (started by neerajkumarsharma in /Users/neerajkumarsharma/dev/springboot-refresh-token)
2023-08-07T23:13:11.034-04:00  INFO 3246 --- [           main] a.SpringbootRefreshTokenApplicationTests : No active profile set, falling back to 1 default profile: "default"
2023-08-07T23:13:12.041-04:00  INFO 3246 --- [           main] .s.d.r.c.RepositoryConfigurationDelegate : Bootstrapping Spring Data JPA repositories in DEFAULT mode.
2023-08-07T23:13:12.197-04:00  INFO 3246 --- [           main] .s.d.r.c.RepositoryConfigurationDelegate : Finished Spring Data repository scanning in 142 ms. Found 4 JPA repository interfaces.
2023-08-07T23:13:12.712-04:00  INFO 3246 --- [           main] com.zaxxer.hikari.HikariDataSource       : HikariPool-1 - Starting...
2023-08-07T23:13:12.895-04:00  INFO 3246 --- [           main] com.zaxxer.hikari.pool.HikariPool        : HikariPool-1 - Added connection conn0: url=jdbc:h2:mem:productdb user=SA
2023-08-07T23:13:12.897-04:00  INFO 3246 --- [           main] com.zaxxer.hikari.HikariDataSource       : HikariPool-1 - Start completed.
2023-08-07T23:13:13.056-04:00  INFO 3246 --- [           main] o.hibernate.jpa.internal.util.LogHelper  : HHH000204: Processing PersistenceUnitInfo [name: default]
2023-08-07T23:13:13.116-04:00  INFO 3246 --- [           main] org.hibernate.Version                    : HHH000412: Hibernate ORM core version 6.2.6.Final
2023-08-07T23:13:13.119-04:00  INFO 3246 --- [           main] org.hibernate.cfg.Environment            : HHH000406: Using bytecode reflection optimizer
2023-08-07T23:13:13.261-04:00  INFO 3246 --- [           main] o.h.b.i.BytecodeProviderInitiator        : HHH000021: Bytecode provider name : bytebuddy
2023-08-07T23:13:13.447-04:00  INFO 3246 --- [           main] o.s.o.j.p.SpringPersistenceUnitInfo      : No LoadTimeWeaver setup: ignoring JPA class transformer
2023-08-07T23:13:13.686-04:00  INFO 3246 --- [           main] o.h.b.i.BytecodeProviderInitiator        : HHH000021: Bytecode provider name : bytebuddy
2023-08-07T23:13:14.299-04:00  INFO 3246 --- [           main] o.h.e.t.j.p.i.JtaPlatformInitiator       : HHH000490: Using JtaPlatform implementation: [org.hibernate.engine.transaction.jta.platform.internal.NoJtaPlatform]
2023-08-07T23:13:14.371-04:00  INFO 3246 --- [           main] j.LocalContainerEntityManagerFactoryBean : Initialized JPA EntityManagerFactory for persistence unit 'default'
2023-08-07T23:13:15.022-04:00  WARN 3246 --- [           main] JpaBaseConfiguration$JpaWebConfiguration : spring.jpa.open-in-view is enabled by default. Therefore, database queries may be performed during view rendering. Explicitly configure spring.jpa.open-in-view to disable this warning
2023-08-07T23:13:15.162-04:00  INFO 3246 --- [           main] o.s.s.web.DefaultSecurityFilterChain     : Will secure any request with [org.springframework.security.web.session.DisableEncodeUrlFilter@74130456, org.springframework.security.web.context.request.async.WebAsyncManagerIntegrationFilter@3b171fbd, org.springframework.security.web.context.SecurityContextHolderFilter@3531509c, org.springframework.security.web.header.HeaderWriterFilter@34a482d0, org.springframework.security.web.csrf.CsrfFilter@701da311, org.springframework.security.web.authentication.logout.LogoutFilter@75c45c4b, com.avinya.application.filter.TokenAuthorizationFilter@f5b4ca6, org.springframework.security.web.savedrequest.RequestCacheAwareFilter@4f2b1a2f, org.springframework.security.web.servletapi.SecurityContextHolderAwareRequestFilter@6c2a33af, org.springframework.security.web.authentication.AnonymousAuthenticationFilter@1ece052b, org.springframework.security.web.session.SessionManagementFilter@1390a43a, org.springframework.security.web.access.ExceptionTranslationFilter@30ce78e3, org.springframework.security.web.access.intercept.AuthorizationFilter@387ef6a7]
2023-08-07T23:13:15.807-04:00  INFO 3246 --- [           main] o.s.b.a.h2.H2ConsoleAutoConfiguration    : H2 console available at '/h2-console'. Database available at 'jdbc:h2:mem:productdb'
2023-08-07T23:13:15.958-04:00  INFO 3246 --- [           main] a.SpringbootRefreshTokenApplicationTests : Started SpringbootRefreshTokenApplicationTests in 5.234 seconds (process running for 6.307)
]]></system-out>
  </testcase>
</testsuite>